This is pdfTeX, Version 3.14159265-2.6-1.40.20 (TeX Live 2019/W32TeX) (preloaded format=pdflatex 2020.2.22)  24 JUN 2020 16:44
entering extended mode
 restricted \write18 enabled.
 %&-line parsing enabled.
**info.tex
(./info.tex
LaTeX2e <2018-12-01>
! Undefined control sequence.
l.1 \PaperTitle
               {è®ºç„å­¦ä¸­~$\bm{ SO(10)} $~è‡ªå‘å¯¹ç§°æ€§ç ´ç¼º} % Articl...
The control sequence at the end of the top line
of your error message was never \def'ed. If you have
misspelled it (e.g., `\hobx'), type `I' and the correct
spelling (e.g., `I\hbox'). Otherwise just continue,
and I'll forget about whatever was undefined.


! Package inputenc Error: Unicode character è®º (U+8BBA)
(inputenc)                not set up for use with LaTeX.

See the inputenc package documentation for explanation.
Type  H <return>  for immediate help.
 ...                                              
                                                  
l.1 \PaperTitle{è®º
                   ç„å­¦ä¸­~$\bm{ SO(10)} $~è‡ªå‘å¯¹ç§°æ€§ç ´ç¼º} % Articl...

You may provide a definition with
\DeclareUnicodeCharacter 


! Package inputenc Error: Unicode character ç„ (U+7384)
(inputenc)                not set up for use with LaTeX.

See the inputenc package documentation for explanation.
Type  H <return>  for immediate help.
 ...                                              
                                                  
l.1 \PaperTitle{è®ºç„
                      å­¦ä¸­~$\bm{ SO(10)} $~è‡ªå‘å¯¹ç§°æ€§ç ´ç¼º} % Articl...

You may provide a definition with
\DeclareUnicodeCharacter 


! Package inputenc Error: Unicode character å­¦ (U+5B66)
(inputenc)                not set up for use with LaTeX.

See the inputenc package documentation for explanation.
Type  H <return>  for immediate help.
 ...                                              
                                                  
l.1 \PaperTitle{è®ºç„å­¦
                         ä¸­~$\bm{ SO(10)} $~è‡ªå‘å¯¹ç§°æ€§ç ´ç¼º} % Articl...

You may provide a definition with
\DeclareUnicodeCharacter 


! Package inputenc Error: Unicode character ä¸­ (U+4E2D)
(inputenc)                not set up for use with LaTeX.

See the inputenc package documentation for explanation.
Type  H <return>  for immediate help.
 ...                                              
                                                  
l.1 \PaperTitle{è®ºç„å­¦ä¸­
                            ~$\bm{ SO(10)} $~è‡ªå‘å¯¹ç§°æ€§ç ´ç¼º} % Articl...

You may provide a definition with
\DeclareUnicodeCharacter 


! LaTeX Error: Missing \begin{document}.

See the LaTeX manual or LaTeX Companion for explanation.
Type  H <return>  for immediate help.
 ...                                              
                                                  
l.1 \PaperTitle{è®ºç„å­¦ä¸­~
                             $\bm{ SO(10)} $~è‡ªå‘å¯¹ç§°æ€§ç ´ç¼º} % Articl...

You're in trouble here.  Try typing  <return>  to proceed.
If that doesn't work, type  X <return>  to quit.

LaTeX Font Info:    External font `cmex10' loaded for size
(Font)              <7> on input line 1.
LaTeX Font Info:    External font `cmex10' loaded for size
(Font)              <5> on input line 1.
! Undefined control sequence.
<recently read> \bm 
                    
l.1 \PaperTitle{è®ºç„å­¦ä¸­~$\bm
                                 { SO(10)} $~è‡ªå‘å¯¹ç§°æ€§ç ´ç¼º} % Articl...
The control sequence at the end of the top line
of your error message was never \def'ed. If you have
misspelled it (e.g., `\hobx'), type `I' and the correct
spelling (e.g., `I\hbox'). Otherwise just continue,
and I'll forget about whatever was undefined.


! Package inputenc Error: Unicode character è‡ª (U+81EA)
(inputenc)                not set up for use with LaTeX.

See the inputenc package documentation for explanation.
Type  H <return>  for immediate help.
 ...                                              
                                                  
l.1 \PaperTitle{è®ºç„å­¦ä¸­~$\bm{ SO(10)} $~è‡ª
                                                å‘å¯¹ç§°æ€§ç ´ç¼º} % Articl...

You may provide a definition with
\DeclareUnicodeCharacter 


! Package inputenc Error: Unicode character å‘ (U+53D1)
(inputenc)                not set up for use with LaTeX.

See the inputenc package documentation for explanation.
Type  H <return>  for immediate help.
 ...                                              
                                                  
l.1 ...erTitle{è®ºç„å­¦ä¸­~$\bm{ SO(10)} $~è‡ªå‘
                                                  å¯¹ç§°æ€§ç ´ç¼º} % Article...

You may provide a definition with
\DeclareUnicodeCharacter 


! Package inputenc Error: Unicode character å¯¹ (U+5BF9)
(inputenc)                not set up for use with LaTeX.

See the inputenc package documentation for explanation.
Type  H <return>  for immediate help.
 ...                                              
                                                  
l.1 ...itle{è®ºç„å­¦ä¸­~$\bm{ SO(10)} $~è‡ªå‘å¯¹
                                                  ç§°æ€§ç ´ç¼º} % Article title

You may provide a definition with
\DeclareUnicodeCharacter 


! Package inputenc Error: Unicode character ç§° (U+79F0)
(inputenc)                not set up for use with LaTeX.

See the inputenc package documentation for explanation.
Type  H <return>  for immediate help.
 ...                                              
                                                  
l.1 ...e{è®ºç„å­¦ä¸­~$\bm{ SO(10)} $~è‡ªå‘å¯¹ç§°
                                                  æ€§ç ´ç¼º} % Article title
You may provide a definition with
\DeclareUnicodeCharacter 


! Package inputenc Error: Unicode character æ€§ (U+6027)
(inputenc)                not set up for use with LaTeX.

See the inputenc package documentation for explanation.
Type  H <return>  for immediate help.
 ...                                              
                                                  
l.1 ...®ºç„å­¦ä¸­~$\bm{ SO(10)} $~è‡ªå‘å¯¹ç§°æ€§
                                                  ç ´ç¼º} % Article title
You may provide a definition with
\DeclareUnicodeCharacter 


! Package inputenc Error: Unicode character ç ´ (U+7834)
(inputenc)                not set up for use with LaTeX.

See the inputenc package documentation for explanation.
Type  H <return>  for immediate help.
 ...                                              
                                                  
l.1 ...„å­¦ä¸­~$\bm{ SO(10)} $~è‡ªå‘å¯¹ç§°æ€§ç ´
                                                  ç¼º} % Article title
You may provide a definition with
\DeclareUnicodeCharacter 


! Package inputenc Error: Unicode character ç¼º (U+7F3A)
(inputenc)                not set up for use with LaTeX.

See the inputenc package documentation for explanation.
Type  H <return>  for immediate help.
 ...                                              
                                                  
l.1 ...­¦ä¸­~$\bm{ SO(10)} $~è‡ªå‘å¯¹ç§°æ€§ç ´ç¼º
                                                  } % Article title
You may provide a definition with
\DeclareUnicodeCharacter 


Overfull \hbox (52.3917pt too wide) in paragraph at lines 1--2
[] $[]$  
 []

! Undefined control sequence.
l.4 \Authors
            {ææ˜è¾¾\textsuperscript{1}, PB18020616} % Authors
The control sequence at the end of the top line
of your error message was never \def'ed. If you have
misspelled it (e.g., `\hobx'), type `I' and the correct
spelling (e.g., `I\hbox'). Otherwise just continue,
and I'll forget about whatever was undefined.


! Package inputenc Error: Unicode character æ (U+674E)
(inputenc)                not set up for use with LaTeX.

See the inputenc package documentation for explanation.
Type  H <return>  for immediate help.
 ...                                              
                                                  
l.4 \Authors{æ
                æ˜è¾¾\textsuperscript{1}, PB18020616} % Authors
You may provide a definition with
\DeclareUnicodeCharacter 


! Package inputenc Error: Unicode character æ˜ (U+660E)
(inputenc)                not set up for use with LaTeX.

See the inputenc package documentation for explanation.
Type  H <return>  for immediate help.
 ...                                              
                                                  
l.4 \Authors{ææ˜
                   è¾¾\textsuperscript{1}, PB18020616} % Authors
You may provide a definition with
\DeclareUnicodeCharacter 


! Package inputenc Error: Unicode character è¾¾ (U+8FBE)
(inputenc)                not set up for use with LaTeX.

See the inputenc package documentation for explanation.
Type  H <return>  for immediate help.
 ...                                              
                                                  
l.4 \Authors{ææ˜è¾¾
                      \textsuperscript{1}, PB18020616} % Authors
You may provide a definition with
\DeclareUnicodeCharacter 


! LaTeX Error: Missing \begin{document}.

See the LaTeX manual or LaTeX Companion for explanation.
Type  H <return>  for immediate help.
 ...                                              
                                                  
l.4 \Authors{ææ˜è¾¾\textsuperscript{1}
                                         , PB18020616} % Authors
You're in trouble here.  Try typing  <return>  to proceed.
If that doesn't work, type  X <return>  to quit.

Missing character: There is no , in font nullfont!
Missing character: There is no P in font nullfont!
Missing character: There is no B in font nullfont!
Missing character: There is no 1 in font nullfont!
Missing character: There is no 8 in font nullfont!
Missing character: There is no 0 in font nullfont!
Missing character: There is no 2 in font nullfont!
Missing character: There is no 0 in font nullfont!
Missing character: There is no 6 in font nullfont!
Missing character: There is no 1 in font nullfont!
Missing character: There is no 6 in font nullfont!
! Undefined control sequence.
l.5 \affiliation
                {
The control sequence at the end of the top line
of your error message was never \def'ed. If you have
misspelled it (e.g., `\hobx'), type `I' and the correct
spelling (e.g., `I\hbox'). Otherwise just continue,
and I'll forget about whatever was undefined.


! Package inputenc Error: Unicode character ä¸­ (U+4E2D)
(inputenc)                not set up for use with LaTeX.

See the inputenc package documentation for explanation.
Type  H <return>  for immediate help.
 ...                                              
                                                  
l.7 ...extit{ä¸­å›½ç§‘å­¦æŠ€æœ¯å¤§å­¦ç‰©ç†å­¦é™¢}
                                                  
You may provide a definition with
\DeclareUnicodeCharacter 


! Package inputenc Error: Unicode character å›½ (U+56FD)
(inputenc)                not set up for use with LaTeX.

See the inputenc package documentation for explanation.
Type  H <return>  for immediate help.
 ...                                              
                                                  
l.7 ...extit{ä¸­å›½ç§‘å­¦æŠ€æœ¯å¤§å­¦ç‰©ç†å­¦é™¢}
                                                  
You may provide a definition with
\DeclareUnicodeCharacter 


! Package inputenc Error: Unicode character ç§‘ (U+79D1)
(inputenc)                not set up for use with LaTeX.

See the inputenc package documentation for explanation.
Type  H <return>  for immediate help.
 ...                                              
                                                  
l.7 ...extit{ä¸­å›½ç§‘å­¦æŠ€æœ¯å¤§å­¦ç‰©ç†å­¦é™¢}
                                                  
You may provide a definition with
\DeclareUnicodeCharacter 


! Package inputenc Error: Unicode character å­¦ (U+5B66)
(inputenc)                not set up for use with LaTeX.

See the inputenc package documentation for explanation.
Type  H <return>  for immediate help.
 ...                                              
                                                  
l.7 ...extit{ä¸­å›½ç§‘å­¦æŠ€æœ¯å¤§å­¦ç‰©ç†å­¦é™¢}
                                                  
You may provide a definition with
\DeclareUnicodeCharacter 


! Package inputenc Error: Unicode character æŠ€ (U+6280)
(inputenc)                not set up for use with LaTeX.

See the inputenc package documentation for explanation.
Type  H <return>  for immediate help.
 ...                                              
                                                  
l.7 ...extit{ä¸­å›½ç§‘å­¦æŠ€æœ¯å¤§å­¦ç‰©ç†å­¦é™¢}
                                                  
You may provide a definition with
\DeclareUnicodeCharacter 


! Package inputenc Error: Unicode character æœ¯ (U+672F)
(inputenc)                not set up for use with LaTeX.

See the inputenc package documentation for explanation.
Type  H <return>  for immediate help.
 ...                                              
                                                  
l.7 ...extit{ä¸­å›½ç§‘å­¦æŠ€æœ¯å¤§å­¦ç‰©ç†å­¦é™¢}
                                                  
You may provide a definition with
\DeclareUnicodeCharacter 


! Package inputenc Error: Unicode character å¤§ (U+5927)
(inputenc)                not set up for use with LaTeX.

See the inputenc package documentation for explanation.
Type  H <return>  for immediate help.
 ...                                              
                                                  
l.7 ...extit{ä¸­å›½ç§‘å­¦æŠ€æœ¯å¤§å­¦ç‰©ç†å­¦é™¢}
                                                  
You may provide a definition with
\DeclareUnicodeCharacter 


! Package inputenc Error: Unicode character å­¦ (U+5B66)
(inputenc)                not set up for use with LaTeX.

See the inputenc package documentation for explanation.
Type  H <return>  for immediate help.
 ...                                              
                                                  
l.7 ...extit{ä¸­å›½ç§‘å­¦æŠ€æœ¯å¤§å­¦ç‰©ç†å­¦é™¢}
                                                  
You may provide a definition with
\DeclareUnicodeCharacter 


! Package inputenc Error: Unicode character ç‰© (U+7269)
(inputenc)                not set up for use with LaTeX.

See the inputenc package documentation for explanation.
Type  H <return>  for immediate help.
 ...                                              
                                                  
l.7 ...extit{ä¸­å›½ç§‘å­¦æŠ€æœ¯å¤§å­¦ç‰©ç†å­¦é™¢}
                                                  
You may provide a definition with
\DeclareUnicodeCharacter 


! Package inputenc Error: Unicode character ç† (U+7406)
(inputenc)                not set up for use with LaTeX.

See the inputenc package documentation for explanation.
Type  H <return>  for immediate help.
 ...                                              
                                                  
l.7 ...extit{ä¸­å›½ç§‘å­¦æŠ€æœ¯å¤§å­¦ç‰©ç†å­¦é™¢}
                                                  
You may provide a definition with
\DeclareUnicodeCharacter 


! Package inputenc Error: Unicode character å­¦ (U+5B66)
(inputenc)                not set up for use with LaTeX.

See the inputenc package documentation for explanation.
Type  H <return>  for immediate help.
 ...                                              
                                                  
l.7 ...extit{ä¸­å›½ç§‘å­¦æŠ€æœ¯å¤§å­¦ç‰©ç†å­¦é™¢}
                                                  
You may provide a definition with
\DeclareUnicodeCharacter 


! Package inputenc Error: Unicode character é™¢ (U+9662)
(inputenc)                not set up for use with LaTeX.

See the inputenc package documentation for explanation.
Type  H <return>  for immediate help.
 ...                                              
                                                  
l.7 ...extit{ä¸­å›½ç§‘å­¦æŠ€æœ¯å¤§å­¦ç‰©ç†å­¦é™¢}
                                                  
You may provide a definition with
\DeclareUnicodeCharacter 


Overfull \hbox (24.48613pt too wide) in paragraph at lines 4--10
[]$[]$
 []


Overfull \hbox (4.48613pt too wide) in paragraph at lines 4--10
[]$
 []

! Undefined control sequence.
l.11 \Abstract
              {
The control sequence at the end of the top line
of your error message was never \def'ed. If you have
misspelled it (e.g., `\hobx'), type `I' and the correct
spelling (e.g., `I\hbox'). Otherwise just continue,
and I'll forget about whatever was undefined.


! Package inputenc Error: Unicode character ç”° (U+7530)
(inputenc)                not set up for use with LaTeX.

See the inputenc package documentation for explanation.
Type  H <return>  for immediate help.
 ...                                              
                                                  
l.12 	\phantom{ç”°ç”°}
                      ç„å­¦åˆç§°æ–°é“å®¶ï¼Œæ˜¯å¯¹ã€Šè€å­ã€‹ã€ã€Šåº„å­...

You may provide a definition with
\DeclareUnicodeCharacter 


! Package inputenc Error: Unicode character ç”° (U+7530)
(inputenc)                not set up for use with LaTeX.

See the inputenc package documentation for explanation.
Type  H <return>  for immediate help.
 ...                                              
                                                  
l.12 	\phantom{ç”°ç”°}
                      ç„å­¦åˆç§°æ–°é“å®¶ï¼Œæ˜¯å¯¹ã€Šè€å­ã€‹ã€ã€Šåº„å­...

You may provide a definition with
\DeclareUnicodeCharacter 


! LaTeX Error: Missing \begin{document}.

See the LaTeX manual or LaTeX Companion for explanation.
Type  H <return>  for immediate help.
 ...                                              
                                                  
l.12 	\phantom{ç”°ç”°}
                      ç„å­¦åˆç§°æ–°é“å®¶ï¼Œæ˜¯å¯¹ã€Šè€å­ã€‹ã€ã€Šåº„å­...

You're in trouble here.  Try typing  <return>  to proceed.
If that doesn't work, type  X <return>  to quit.


! Package inputenc Error: Unicode character ç„ (U+7384)
(inputenc)                not set up for use with LaTeX.

See the inputenc package documentation for explanation.
Type  H <return>  for immediate help.
 ...                                              
                                                  
l.12 	\phantom{ç”°ç”°}ç„
                         å­¦åˆç§°æ–°é“å®¶ï¼Œæ˜¯å¯¹ã€Šè€å­ã€‹ã€ã€Šåº„å­...

You may provide a definition with
\DeclareUnicodeCharacter 


! Package inputenc Error: Unicode character å­¦ (U+5B66)
(inputenc)                not set up for use with LaTeX.

See the inputenc package documentation for explanation.
Type  H <return>  for immediate help.
 ...                                              
                                                  
l.12 	\phantom{ç”°ç”°}ç„å­¦
                            åˆç§°æ–°é“å®¶ï¼Œæ˜¯å¯¹ã€Šè€å­ã€‹ã€ã€Šåº„å­...

You may provide a definition with
\DeclareUnicodeCharacter 


! Package inputenc Error: Unicode character åˆ (U+53C8)
(inputenc)                not set up for use with LaTeX.

See the inputenc package documentation for explanation.
Type  H <return>  for immediate help.
 ...                                              
                                                  
l.12 	\phantom{ç”°ç”°}ç„å­¦åˆ
                               ç§°æ–°é“å®¶ï¼Œæ˜¯å¯¹ã€Šè€å­ã€‹ã€ã€Šåº„å­...

You may provide a definition with
\DeclareUnicodeCharacter 


! Package inputenc Error: Unicode character ç§° (U+79F0)
(inputenc)                not set up for use with LaTeX.

See the inputenc package documentation for explanation.
Type  H <return>  for immediate help.
 ...                                              
                                                  
l.12 	\phantom{ç”°ç”°}ç„å­¦åˆç§°
                                  æ–°é“å®¶ï¼Œæ˜¯å¯¹ã€Šè€å­ã€‹ã€ã€Šåº„å­...

You may provide a definition with
\DeclareUnicodeCharacter 


! Package inputenc Error: Unicode character æ–° (U+65B0)
(inputenc)                not set up for use with LaTeX.

See the inputenc package documentation for explanation.
Type  H <return>  for immediate help.
 ...                                              
                                                  
l.12 	\phantom{ç”°ç”°}ç„å­¦åˆç§°æ–°
                                     é“å®¶ï¼Œæ˜¯å¯¹ã€Šè€å­ã€‹ã€ã€Šåº„å­...

You may provide a definition with
\DeclareUnicodeCharacter 


! Package inputenc Error: Unicode character é“ (U+9053)
(inputenc)                not set up for use with LaTeX.

See the inputenc package documentation for explanation.
Type  H <return>  for immediate help.
 ...                                              
                                                  
l.12 	\phantom{ç”°ç”°}ç„å­¦åˆç§°æ–°é“
                                        å®¶ï¼Œæ˜¯å¯¹ã€Šè€å­ã€‹ã€ã€Šåº„å­...

You may provide a definition with
\DeclareUnicodeCharacter 


! Package inputenc Error: Unicode character å®¶ (U+5BB6)
(inputenc)                not set up for use with LaTeX.

See the inputenc package documentation for explanation.
Type  H <return>  for immediate help.
 ...                                              
                                                  
l.12 	\phantom{ç”°ç”°}ç„å­¦åˆç§°æ–°é“å®¶
                                           ï¼Œæ˜¯å¯¹ã€Šè€å­ã€‹ã€ã€Šåº„å­...

You may provide a definition with
\DeclareUnicodeCharacter 


! Package inputenc Error: Unicode character ï¼Œ (U+FF0C)
(inputenc)                not set up for use with LaTeX.

See the inputenc package documentation for explanation.
Type  H <return>  for immediate help.
 ...                                              
                                                  
l.12 	\phantom{ç”°ç”°}ç„å­¦åˆç§°æ–°é“å®¶ï¼Œ
                                              æ˜¯å¯¹ã€Šè€å­ã€‹ã€ã€Šåº„å­...

You may provide a definition with
\DeclareUnicodeCharacter 


! Package inputenc Error: Unicode character æ˜¯ (U+662F)
(inputenc)                not set up for use with LaTeX.

See the inputenc package documentation for explanation.
Type  H <return>  for immediate help.
 ...                                              
                                                  
l.12 	\phantom{ç”°ç”°}ç„å­¦åˆç§°æ–°é“å®¶ï¼Œæ˜¯
                                                 å¯¹ã€Šè€å­ã€‹ã€ã€Šåº„å­...

You may provide a definition with
\DeclareUnicodeCharacter 


! Package inputenc Error: Unicode character å¯¹ (U+5BF9)
(inputenc)                not set up for use with LaTeX.

See the inputenc package documentation for explanation.
Type  H <return>  for immediate help.
 ...                                              
                                                  
l.12 ...ntom{ç”°ç”°}ç„å­¦åˆç§°æ–°é“å®¶ï¼Œæ˜¯å¯¹
                                                  ã€Šè€å­ã€‹ã€ã€Šåº„å­ã€...

You may provide a definition with
\DeclareUnicodeCharacter 


! Package inputenc Error: Unicode character ã€Š (U+300A)
(inputenc)                not set up for use with LaTeX.

See the inputenc package documentation for explanation.
Type  H <return>  for immediate help.
 ...                                              
                                                  
l.12 ...m{ç”°ç”°}ç„å­¦åˆç§°æ–°é“å®¶ï¼Œæ˜¯å¯¹ã€Š
                                                  è€å­ã€‹ã€ã€Šåº„å­ã€‹å’...

You may provide a definition with
\DeclareUnicodeCharacter 


! Package inputenc Error: Unicode character è€ (U+8001)
(inputenc)                not set up for use with LaTeX.

See the inputenc package documentation for explanation.
Type  H <return>  for immediate help.
 ...                                              
                                                  
l.12 ...”°ç”°}ç„å­¦åˆç§°æ–°é“å®¶ï¼Œæ˜¯å¯¹ã€Šè€
                                                  å­ã€‹ã€ã€Šåº„å­ã€‹å’Œã€...

You may provide a definition with
\DeclareUnicodeCharacter 


! Package inputenc Error: Unicode character å­ (U+5B50)
(inputenc)                not set up for use with LaTeX.

See the inputenc package documentation for explanation.
Type  H <return>  for immediate help.
 ...                                              
                                                  
l.12 ...”°}ç„å­¦åˆç§°æ–°é“å®¶ï¼Œæ˜¯å¯¹ã€Šè€å­
                                                  ã€‹ã€ã€Šåº„å­ã€‹å’Œã€Šå‘...

You may provide a definition with
\DeclareUnicodeCharacter 


! Package inputenc Error: Unicode character ã€‹ (U+300B)
(inputenc)                not set up for use with LaTeX.

See the inputenc package documentation for explanation.
Type  H <return>  for immediate help.
 ...                                              
                                                  
l.12 ...ç„å­¦åˆç§°æ–°é“å®¶ï¼Œæ˜¯å¯¹ã€Šè€å­ã€‹
                                                  ã€ã€Šåº„å­ã€‹å’Œã€Šå‘¨æ˜...

You may provide a definition with
\DeclareUnicodeCharacter 


! Package inputenc Error: Unicode character ã€ (U+3001)
(inputenc)                not set up for use with LaTeX.

See the inputenc package documentation for explanation.
Type  H <return>  for immediate help.
 ...                                              
                                                  
l.12 ...å­¦åˆç§°æ–°é“å®¶ï¼Œæ˜¯å¯¹ã€Šè€å­ã€‹ã€
                                                  ã€Šåº„å­ã€‹å’Œã€Šå‘¨æ˜“ã€...

You may provide a definition with
\DeclareUnicodeCharacter 


! Package inputenc Error: Unicode character ã€Š (U+300A)
(inputenc)                not set up for use with LaTeX.

See the inputenc package documentation for explanation.
Type  H <return>  for immediate help.
 ...                                              
                                                  
l.12 ...åˆç§°æ–°é“å®¶ï¼Œæ˜¯å¯¹ã€Šè€å­ã€‹ã€ã€Š
                                                  åº„å­ã€‹å’Œã€Šå‘¨æ˜“ã€‹çš...

You may provide a definition with
\DeclareUnicodeCharacter 


! Package inputenc Error: Unicode character åº„ (U+5E84)
(inputenc)                not set up for use with LaTeX.

See the inputenc package documentation for explanation.
Type  H <return>  for immediate help.
 ...                                              
                                                  
l.12 ...ç§°æ–°é“å®¶ï¼Œæ˜¯å¯¹ã€Šè€å­ã€‹ã€ã€Šåº„
                                                  å­ã€‹å’Œã€Šå‘¨æ˜“ã€‹çš„ç ...

You may provide a definition with
\DeclareUnicodeCharacter 


! Package inputenc Error: Unicode character å­ (U+5B50)
(inputenc)                not set up for use with LaTeX.

See the inputenc package documentation for explanation.
Type  H <return>  for immediate help.
 ...                                              
                                                  
l.12 ...æ–°é“å®¶ï¼Œæ˜¯å¯¹ã€Šè€å­ã€‹ã€ã€Šåº„å­
                                                  ã€‹å’Œã€Šå‘¨æ˜“ã€‹çš„ç ”ç©...

You may provide a definition with
\DeclareUnicodeCharacter 


! Package inputenc Error: Unicode character ã€‹ (U+300B)
(inputenc)                not set up for use with LaTeX.

See the inputenc package documentation for explanation.
Type  H <return>  for immediate help.
 ...                                              
                                                  
l.12 ...é“å®¶ï¼Œæ˜¯å¯¹ã€Šè€å­ã€‹ã€ã€Šåº„å­ã€‹
                                                  å’Œã€Šå‘¨æ˜“ã€‹çš„ç ”ç©¶å’...

You may provide a definition with
\DeclareUnicodeCharacter 


! Package inputenc Error: Unicode character å’Œ (U+548C)
(inputenc)                not set up for use with LaTeX.

See the inputenc package documentation for explanation.
Type  H <return>  for immediate help.
 ...                                              
                                                  
l.12 ...å®¶ï¼Œæ˜¯å¯¹ã€Šè€å­ã€‹ã€ã€Šåº„å­ã€‹å’Œ
                                                  ã€Šå‘¨æ˜“ã€‹çš„ç ”ç©¶å’Œè§...

You may provide a definition with
\DeclareUnicodeCharacter 


! Package inputenc Error: Unicode character ã€Š (U+300A)
(inputenc)                not set up for use with LaTeX.

See the inputenc package documentation for explanation.
Type  H <return>  for immediate help.
 ...                                              
                                                  
l.12 ...ï¼Œæ˜¯å¯¹ã€Šè€å­ã€‹ã€ã€Šåº„å­ã€‹å’Œã€Š
                                                  å‘¨æ˜“ã€‹çš„ç ”ç©¶å’Œè§£è¯...

You may provide a definition with
\DeclareUnicodeCharacter 


! Package inputenc Error: Unicode character å‘¨ (U+5468)
(inputenc)                not set up for use with LaTeX.

See the inputenc package documentation for explanation.
Type  H <return>  for immediate help.
 ...                                              
                                                  
l.12 ...æ˜¯å¯¹ã€Šè€å­ã€‹ã€ã€Šåº„å­ã€‹å’Œã€Šå‘¨
                                                  æ˜“ã€‹çš„ç ”ç©¶å’Œè§£è¯´ï¼...

You may provide a definition with
\DeclareUnicodeCharacter 


! Package inputenc Error: Unicode character æ˜“ (U+6613)
(inputenc)                not set up for use with LaTeX.

See the inputenc package documentation for explanation.
Type  H <return>  for immediate help.
 ...                                              
                                                  
l.12 ...å¯¹ã€Šè€å­ã€‹ã€ã€Šåº„å­ã€‹å’Œã€Šå‘¨æ˜“
                                                  ã€‹çš„ç ”ç©¶å’Œè§£è¯´ï¼Œäº...

You may provide a definition with
\DeclareUnicodeCharacter 


! Package inputenc Error: Unicode character ã€‹ (U+300B)
(inputenc)                not set up for use with LaTeX.

See the inputenc package documentation for explanation.
Type  H <return>  for immediate help.
 ...                                              
                                                  
l.12 ...ã€Šè€å­ã€‹ã€ã€Šåº„å­ã€‹å’Œã€Šå‘¨æ˜“ã€‹
                                                  çš„ç ”ç©¶å’Œè§£è¯´ï¼Œäº§ç”...

You may provide a definition with
\DeclareUnicodeCharacter 


! Package inputenc Error: Unicode character çš„ (U+7684)
(inputenc)                not set up for use with LaTeX.

See the inputenc package documentation for explanation.
Type  H <return>  for immediate help.
 ...                                              
                                                  
l.12 ...è€å­ã€‹ã€ã€Šåº„å­ã€‹å’Œã€Šå‘¨æ˜“ã€‹çš„
                                                  ç ”ç©¶å’Œè§£è¯´ï¼Œäº§ç”Ÿäº...

You may provide a definition with
\DeclareUnicodeCharacter 


! Package inputenc Error: Unicode character ç ” (U+7814)
(inputenc)                not set up for use with LaTeX.

See the inputenc package documentation for explanation.
Type  H <return>  for immediate help.
 ...                                              
                                                  
l.12 ...å­ã€‹ã€ã€Šåº„å­ã€‹å’Œã€Šå‘¨æ˜“ã€‹çš„ç ”
                                                  ç©¶å’Œè§£è¯´ï¼Œäº§ç”Ÿäºé­...

You may provide a definition with
\DeclareUnicodeCharacter 


! Package inputenc Error: Unicode character ç©¶ (U+7A76)
(inputenc)                not set up for use with LaTeX.

See the inputenc package documentation for explanation.
Type  H <return>  for immediate help.
 ...                                              
                                                  
l.12 ...ã€‹ã€ã€Šåº„å­ã€‹å’Œã€Šå‘¨æ˜“ã€‹çš„ç ”ç©¶
                                                  å’Œè§£è¯´ï¼Œäº§ç”Ÿäºé­æ™...

You may provide a definition with
\DeclareUnicodeCharacter 


! Package inputenc Error: Unicode character å’Œ (U+548C)
(inputenc)                not set up for use with LaTeX.

See the inputenc package documentation for explanation.
Type  H <return>  for immediate help.
 ...                                              
                                                  
l.12 ...ã€ã€Šåº„å­ã€‹å’Œã€Šå‘¨æ˜“ã€‹çš„ç ”ç©¶å’Œ
                                                  è§£è¯´ï¼Œäº§ç”Ÿäºé­æ™‹ã€...

You may provide a definition with
\DeclareUnicodeCharacter 


! Package inputenc Error: Unicode character è§£ (U+89E3)
(inputenc)                not set up for use with LaTeX.

See the inputenc package documentation for explanation.
Type  H <return>  for immediate help.
 ...                                              
                                                  
l.12 ...ã€Šåº„å­ã€‹å’Œã€Šå‘¨æ˜“ã€‹çš„ç ”ç©¶å’Œè§£
                                                  è¯´ï¼Œäº§ç”Ÿäºé­æ™‹ã€‚ç...

You may provide a definition with
\DeclareUnicodeCharacter 


! Package inputenc Error: Unicode character è¯´ (U+8BF4)
(inputenc)                not set up for use with LaTeX.

See the inputenc package documentation for explanation.
Type  H <return>  for immediate help.
 ...                                              
                                                  
l.12 ...åº„å­ã€‹å’Œã€Šå‘¨æ˜“ã€‹çš„ç ”ç©¶å’Œè§£è¯´
                                                  ï¼Œäº§ç”Ÿäºé­æ™‹ã€‚ç„å­...

You may provide a definition with
\DeclareUnicodeCharacter 


! Package inputenc Error: Unicode character ï¼Œ (U+FF0C)
(inputenc)                not set up for use with LaTeX.

See the inputenc package documentation for explanation.
Type  H <return>  for immediate help.
 ...                                              
                                                  
l.12 ...å­ã€‹å’Œã€Šå‘¨æ˜“ã€‹çš„ç ”ç©¶å’Œè§£è¯´ï¼Œ
                                                  äº§ç”Ÿäºé­æ™‹ã€‚ç„å­¦æ˜...

You may provide a definition with
\DeclareUnicodeCharacter 


! Package inputenc Error: Unicode character äº§ (U+4EA7)
(inputenc)                not set up for use with LaTeX.

See the inputenc package documentation for explanation.
Type  H <return>  for immediate help.
 ...                                              
                                                  
l.12 ...ã€‹å’Œã€Šå‘¨æ˜“ã€‹çš„ç ”ç©¶å’Œè§£è¯´ï¼Œäº§
                                                  ç”Ÿäºé­æ™‹ã€‚ç„å­¦æ˜¯ä¸...

You may provide a definition with
\DeclareUnicodeCharacter 


! Package inputenc Error: Unicode character ç”Ÿ (U+751F)
(inputenc)                not set up for use with LaTeX.

See the inputenc package documentation for explanation.
Type  H <return>  for immediate help.
 ...                                              
                                                  
l.12 ...å’Œã€Šå‘¨æ˜“ã€‹çš„ç ”ç©¶å’Œè§£è¯´ï¼Œäº§ç”Ÿ
                                                  äºé­æ™‹ã€‚ç„å­¦æ˜¯ä¸­å›...

You may provide a definition with
\DeclareUnicodeCharacter 


! Package inputenc Error: Unicode character äº (U+4E8E)
(inputenc)                not set up for use with LaTeX.

See the inputenc package documentation for explanation.
Type  H <return>  for immediate help.
 ...                                              
                                                  
l.12 ...ã€Šå‘¨æ˜“ã€‹çš„ç ”ç©¶å’Œè§£è¯´ï¼Œäº§ç”Ÿäº
                                                  é­æ™‹ã€‚ç„å­¦æ˜¯ä¸­å›½é­...

You may provide a definition with
\DeclareUnicodeCharacter 


! Package inputenc Error: Unicode character é­ (U+9B4F)
(inputenc)                not set up for use with LaTeX.

See the inputenc package documentation for explanation.
Type  H <return>  for immediate help.
 ...                                              
                                                  
l.12 ...å‘¨æ˜“ã€‹çš„ç ”ç©¶å’Œè§£è¯´ï¼Œäº§ç”Ÿäºé­
                                                  æ™‹ã€‚ç„å­¦æ˜¯ä¸­å›½é­æ™...

You may provide a definition with
\DeclareUnicodeCharacter 


! Package inputenc Error: Unicode character æ™‹ (U+664B)
(inputenc)                not set up for use with LaTeX.

See the inputenc package documentation for explanation.
Type  H <return>  for immediate help.
 ...                                              
                                                  
l.12 ...æ˜“ã€‹çš„ç ”ç©¶å’Œè§£è¯´ï¼Œäº§ç”Ÿäºé­æ™‹
                                                  ã€‚ç„å­¦æ˜¯ä¸­å›½é­æ™‹æ—...

You may provide a definition with
\DeclareUnicodeCharacter 


! Package inputenc Error: Unicode character ã€‚ (U+3002)
(inputenc)                not set up for use with LaTeX.

See the inputenc package documentation for explanation.
Type  H <return>  for immediate help.
 ...                                              
                                                  
l.12 ...ã€‹çš„ç ”ç©¶å’Œè§£è¯´ï¼Œäº§ç”Ÿäºé­æ™‹ã€‚
                                                  ç„å­¦æ˜¯ä¸­å›½é­æ™‹æ—¶æœ...

You may provide a definition with
\DeclareUnicodeCharacter 


! Package inputenc Error: Unicode character ç„ (U+7384)
(inputenc)                not set up for use with LaTeX.

See the inputenc package documentation for explanation.
Type  H <return>  for immediate help.
 ...                                              
                                                  
l.12 ...çš„ç ”ç©¶å’Œè§£è¯´ï¼Œäº§ç”Ÿäºé­æ™‹ã€‚ç„
                                                  å­¦æ˜¯ä¸­å›½é­æ™‹æ—¶æœŸåˆ...

You may provide a definition with
\DeclareUnicodeCharacter 


! Package inputenc Error: Unicode character å­¦ (U+5B66)
(inputenc)                not set up for use with LaTeX.

See the inputenc package documentation for explanation.
Type  H <return>  for immediate help.
 ...                                              
                                                  
l.12 ...ç ”ç©¶å’Œè§£è¯´ï¼Œäº§ç”Ÿäºé­æ™‹ã€‚ç„å­¦
                                                  æ˜¯ä¸­å›½é­æ™‹æ—¶æœŸåˆ°å®...

You may provide a definition with
\DeclareUnicodeCharacter 


! Package inputenc Error: Unicode character æ˜¯ (U+662F)
(inputenc)                not set up for use with LaTeX.

See the inputenc package documentation for explanation.
Type  H <return>  for immediate help.
 ...                                              
                                                  
l.12 ...ç©¶å’Œè§£è¯´ï¼Œäº§ç”Ÿäºé­æ™‹ã€‚ç„å­¦æ˜¯
                                                  ä¸­å›½é­æ™‹æ—¶æœŸåˆ°å®‹æœ...

You may provide a definition with
\DeclareUnicodeCharacter 


! Package inputenc Error: Unicode character ä¸­ (U+4E2D)
(inputenc)                not set up for use with LaTeX.

See the inputenc package documentation for explanation.
Type  H <return>  for immediate help.
 ...                                              
                                                  
l.12 ...å’Œè§£è¯´ï¼Œäº§ç”Ÿäºé­æ™‹ã€‚ç„å­¦æ˜¯ä¸­
                                                  å›½é­æ™‹æ—¶æœŸåˆ°å®‹æœä¸...

You may provide a definition with
\DeclareUnicodeCharacter 


! Package inputenc Error: Unicode character å›½ (U+56FD)
(inputenc)                not set up for use with LaTeX.

See the inputenc package documentation for explanation.
Type  H <return>  for immediate help.
 ...                                              
                                                  
l.12 ...è§£è¯´ï¼Œäº§ç”Ÿäºé­æ™‹ã€‚ç„å­¦æ˜¯ä¸­å›½
                                                  é­æ™‹æ—¶æœŸåˆ°å®‹æœä¸­å...

You may provide a definition with
\DeclareUnicodeCharacter 


! Package inputenc Error: Unicode character é­ (U+9B4F)
(inputenc)                not set up for use with LaTeX.

See the inputenc package documentation for explanation.
Type  H <return>  for immediate help.
 ...                                              
                                                  
l.12 ...è¯´ï¼Œäº§ç”Ÿäºé­æ™‹ã€‚ç„å­¦æ˜¯ä¸­å›½é­
                                                  æ™‹æ—¶æœŸåˆ°å®‹æœä¸­å¶ä¹...

You may provide a definition with
\DeclareUnicodeCharacter 


! Package inputenc Error: Unicode character æ™‹ (U+664B)
(inputenc)                not set up for use with LaTeX.

See the inputenc package documentation for explanation.
Type  H <return>  for immediate help.
 ...                                              
                                                  
l.12 ...ï¼Œäº§ç”Ÿäºé­æ™‹ã€‚ç„å­¦æ˜¯ä¸­å›½é­æ™‹
                                                  æ—¶æœŸåˆ°å®‹æœä¸­å¶ä¹‹é—...

You may provide a definition with
\DeclareUnicodeCharacter 


! Package inputenc Error: Unicode character æ—¶ (U+65F6)
(inputenc)                not set up for use with LaTeX.

See the inputenc package documentation for explanation.
Type  H <return>  for immediate help.
 ...                                              
                                                  
l.12 ...äº§ç”Ÿäºé­æ™‹ã€‚ç„å­¦æ˜¯ä¸­å›½é­æ™‹æ—¶
                                                  æœŸåˆ°å®‹æœä¸­å¶ä¹‹é—´å‡...

You may provide a definition with
\DeclareUnicodeCharacter 


! Package inputenc Error: Unicode character æœŸ (U+671F)
(inputenc)                not set up for use with LaTeX.

See the inputenc package documentation for explanation.
Type  H <return>  for immediate help.
 ...                                              
                                                  
l.12 ...ç”Ÿäºé­æ™‹ã€‚ç„å­¦æ˜¯ä¸­å›½é­æ™‹æ—¶æœŸ
                                                  åˆ°å®‹æœä¸­å¶ä¹‹é—´å‡ºç...

You may provide a definition with
\DeclareUnicodeCharacter 


! Package inputenc Error: Unicode character åˆ° (U+5230)
(inputenc)                not set up for use with LaTeX.

See the inputenc package documentation for explanation.
Type  H <return>  for immediate help.
 ...                                              
                                                  
l.12 ...äºé­æ™‹ã€‚ç„å­¦æ˜¯ä¸­å›½é­æ™‹æ—¶æœŸåˆ°
                                                  å®‹æœä¸­å¶ä¹‹é—´å‡ºç°çš...

You may provide a definition with
\DeclareUnicodeCharacter 


! Package inputenc Error: Unicode character å®‹ (U+5B8B)
(inputenc)                not set up for use with LaTeX.

See the inputenc package documentation for explanation.
Type  H <return>  for immediate help.
 ...                                              
                                                  
l.12 ...é­æ™‹ã€‚ç„å­¦æ˜¯ä¸­å›½é­æ™‹æ—¶æœŸåˆ°å®‹
                                                  æœä¸­å¶ä¹‹é—´å‡ºç°çš„ä¸...

You may provide a definition with
\DeclareUnicodeCharacter 


! Package inputenc Error: Unicode character æœ (U+671D)
(inputenc)                not set up for use with LaTeX.

See the inputenc package documentation for explanation.
Type  H <return>  for immediate help.
 ...                                              
                                                  
l.12 ...æ™‹ã€‚ç„å­¦æ˜¯ä¸­å›½é­æ™‹æ—¶æœŸåˆ°å®‹æœ
                                                  ä¸­å¶ä¹‹é—´å‡ºç°çš„ä¸€ç§...

You may provide a definition with
\DeclareUnicodeCharacter 


! Package inputenc Error: Unicode character ä¸­ (U+4E2D)
(inputenc)                not set up for use with LaTeX.

See the inputenc package documentation for explanation.
Type  H <return>  for immediate help.
 ...                                              
                                                  
l.12 ...ã€‚ç„å­¦æ˜¯ä¸­å›½é­æ™‹æ—¶æœŸåˆ°å®‹æœä¸­
                                                  å¶ä¹‹é—´å‡ºç°çš„ä¸€ç§å´...

You may provide a definition with
\DeclareUnicodeCharacter 


! Package inputenc Error: Unicode character å¶ (U+53F6)
(inputenc)                not set up for use with LaTeX.

See the inputenc package documentation for explanation.
Type  H <return>  for immediate help.
 ...                                              
                                                  
l.12 ...ç„å­¦æ˜¯ä¸­å›½é­æ™‹æ—¶æœŸåˆ°å®‹æœä¸­å¶
                                                  ä¹‹é—´å‡ºç°çš„ä¸€ç§å´‡å°...

You may provide a definition with
\DeclareUnicodeCharacter 


! Package inputenc Error: Unicode character ä¹‹ (U+4E4B)
(inputenc)                not set up for use with LaTeX.

See the inputenc package documentation for explanation.
Type  H <return>  for immediate help.
 ...                                              
                                                  
l.12 ...å­¦æ˜¯ä¸­å›½é­æ™‹æ—¶æœŸåˆ°å®‹æœä¸­å¶ä¹‹
                                                  é—´å‡ºç°çš„ä¸€ç§å´‡å°šè€...

You may provide a definition with
\DeclareUnicodeCharacter 


! Package inputenc Error: Unicode character é—´ (U+95F4)
(inputenc)                not set up for use with LaTeX.

See the inputenc package documentation for explanation.
Type  H <return>  for immediate help.
 ...                                              
                                                  
l.12 ...æ˜¯ä¸­å›½é­æ™‹æ—¶æœŸåˆ°å®‹æœä¸­å¶ä¹‹é—´
                                                  å‡ºç°çš„ä¸€ç§å´‡å°šè€åº...

You may provide a definition with
\DeclareUnicodeCharacter 


! Package inputenc Error: Unicode character å‡º (U+51FA)
(inputenc)                not set up for use with LaTeX.

See the inputenc package documentation for explanation.
Type  H <return>  for immediate help.
 ...                                              
                                                  
l.12 ...ä¸­å›½é­æ™‹æ—¶æœŸåˆ°å®‹æœä¸­å¶ä¹‹é—´å‡º
                                                  ç°çš„ä¸€ç§å´‡å°šè€åº„çš...

You may provide a definition with
\DeclareUnicodeCharacter 


! Package inputenc Error: Unicode character ç° (U+73B0)
(inputenc)                not set up for use with LaTeX.

See the inputenc package documentation for explanation.
Type  H <return>  for immediate help.
 ...                                              
                                                  
l.12 ...å›½é­æ™‹æ—¶æœŸåˆ°å®‹æœä¸­å¶ä¹‹é—´å‡ºç°
                                                  çš„ä¸€ç§å´‡å°šè€åº„çš„æ€...

You may provide a definition with
\DeclareUnicodeCharacter 


! Package inputenc Error: Unicode character çš„ (U+7684)
(inputenc)                not set up for use with LaTeX.

See the inputenc package documentation for explanation.
Type  H <return>  for immediate help.
 ...                                              
                                                  
l.12 ...é­æ™‹æ—¶æœŸåˆ°å®‹æœä¸­å¶ä¹‹é—´å‡ºç°çš„
                                                  ä¸€ç§å´‡å°šè€åº„çš„æ€æ½...

You may provide a definition with
\DeclareUnicodeCharacter 


! Package inputenc Error: Unicode character ä¸€ (U+4E00)
(inputenc)                not set up for use with LaTeX.

See the inputenc package documentation for explanation.
Type  H <return>  for immediate help.
 ...                                              
                                                  
l.12 ...æ™‹æ—¶æœŸåˆ°å®‹æœä¸­å¶ä¹‹é—´å‡ºç°çš„ä¸€
                                                  ç§å´‡å°šè€åº„çš„æ€æ½®ã€...

You may provide a definition with
\DeclareUnicodeCharacter 


! Package inputenc Error: Unicode character ç§ (U+79CD)
(inputenc)                not set up for use with LaTeX.

See the inputenc package documentation for explanation.
Type  H <return>  for immediate help.
 ...                                              
                                                  
l.12 ...æ—¶æœŸåˆ°å®‹æœä¸­å¶ä¹‹é—´å‡ºç°çš„ä¸€ç§
                                                  å´‡å°šè€åº„çš„æ€æ½®ã€‚ä¹...

You may provide a definition with
\DeclareUnicodeCharacter 


! Package inputenc Error: Unicode character å´‡ (U+5D07)
(inputenc)                not set up for use with LaTeX.

See the inputenc package documentation for explanation.
Type  H <return>  for immediate help.
 ...                                              
                                                  
l.12 ...æœŸåˆ°å®‹æœä¸­å¶ä¹‹é—´å‡ºç°çš„ä¸€ç§å´‡
                                                  å°šè€åº„çš„æ€æ½®ã€‚ä¹Ÿå...

You may provide a definition with
\DeclareUnicodeCharacter 


! Package inputenc Error: Unicode character å°š (U+5C1A)
(inputenc)                not set up for use with LaTeX.

See the inputenc package documentation for explanation.
Type  H <return>  for immediate help.
 ...                                              
                                                  
l.12 ...åˆ°å®‹æœä¸­å¶ä¹‹é—´å‡ºç°çš„ä¸€ç§å´‡å°š
                                                  è€åº„çš„æ€æ½®ã€‚ä¹Ÿå¯ä»...

You may provide a definition with
\DeclareUnicodeCharacter 


! Package inputenc Error: Unicode character è€ (U+8001)
(inputenc)                not set up for use with LaTeX.

See the inputenc package documentation for explanation.
Type  H <return>  for immediate help.
 ...                                              
                                                  
l.12 ...å®‹æœä¸­å¶ä¹‹é—´å‡ºç°çš„ä¸€ç§å´‡å°šè€
                                                  åº„çš„æ€æ½®ã€‚ä¹Ÿå¯ä»¥è¯...

You may provide a definition with
\DeclareUnicodeCharacter 


! Package inputenc Error: Unicode character åº„ (U+5E84)
(inputenc)                not set up for use with LaTeX.

See the inputenc package documentation for explanation.
Type  H <return>  for immediate help.
 ...                                              
                                                  
l.12 ...æœä¸­å¶ä¹‹é—´å‡ºç°çš„ä¸€ç§å´‡å°šè€åº„
                                                  çš„æ€æ½®ã€‚ä¹Ÿå¯ä»¥è¯´æ˜...

You may provide a definition with
\DeclareUnicodeCharacter 


! Package inputenc Error: Unicode character çš„ (U+7684)
(inputenc)                not set up for use with LaTeX.

See the inputenc package documentation for explanation.
Type  H <return>  for immediate help.
 ...                                              
                                                  
l.12 ...ä¸­å¶ä¹‹é—´å‡ºç°çš„ä¸€ç§å´‡å°šè€åº„çš„
                                                  æ€æ½®ã€‚ä¹Ÿå¯ä»¥è¯´æ˜¯é...

You may provide a definition with
\DeclareUnicodeCharacter 


! Package inputenc Error: Unicode character æ€ (U+601D)
(inputenc)                not set up for use with LaTeX.

See the inputenc package documentation for explanation.
Type  H <return>  for immediate help.
 ...                                              
                                                  
l.12 ...å¶ä¹‹é—´å‡ºç°çš„ä¸€ç§å´‡å°šè€åº„çš„æ€
                                                  æ½®ã€‚ä¹Ÿå¯ä»¥è¯´æ˜¯é“å®...

You may provide a definition with
\DeclareUnicodeCharacter 


! Package inputenc Error: Unicode character æ½® (U+6F6E)
(inputenc)                not set up for use with LaTeX.

See the inputenc package documentation for explanation.
Type  H <return>  for immediate help.
 ...                                              
                                                  
l.12 ...ä¹‹é—´å‡ºç°çš„ä¸€ç§å´‡å°šè€åº„çš„æ€æ½®
                                                  ã€‚ä¹Ÿå¯ä»¥è¯´æ˜¯é“å®¶ä¹...

You may provide a definition with
\DeclareUnicodeCharacter 


! Package inputenc Error: Unicode character ã€‚ (U+3002)
(inputenc)                not set up for use with LaTeX.

See the inputenc package documentation for explanation.
Type  H <return>  for immediate help.
 ...                                              
                                                  
l.12 ...é—´å‡ºç°çš„ä¸€ç§å´‡å°šè€åº„çš„æ€æ½®ã€‚
                                                  ä¹Ÿå¯ä»¥è¯´æ˜¯é“å®¶ä¹‹å­...

You may provide a definition with
\DeclareUnicodeCharacter 


! Package inputenc Error: Unicode character ä¹Ÿ (U+4E5F)
(inputenc)                not set up for use with LaTeX.

See the inputenc package documentation for explanation.
Type  H <return>  for immediate help.
 ...                                              
                                                  
l.12 ...å‡ºç°çš„ä¸€ç§å´‡å°šè€åº„çš„æ€æ½®ã€‚ä¹Ÿ
                                                  å¯ä»¥è¯´æ˜¯é“å®¶ä¹‹å­¦çš...

You may provide a definition with
\DeclareUnicodeCharacter 


! Package inputenc Error: Unicode character å¯ (U+53EF)
(inputenc)                not set up for use with LaTeX.

See the inputenc package documentation for explanation.
Type  H <return>  for immediate help.
 ...                                              
                                                  
l.12 ...ç°çš„ä¸€ç§å´‡å°šè€åº„çš„æ€æ½®ã€‚ä¹Ÿå¯
                                                  ä»¥è¯´æ˜¯é“å®¶ä¹‹å­¦çš„ä¸...

You may provide a definition with
\DeclareUnicodeCharacter 


! Package inputenc Error: Unicode character ä»¥ (U+4EE5)
(inputenc)                not set up for use with LaTeX.

See the inputenc package documentation for explanation.
Type  H <return>  for immediate help.
 ...                                              
                                                  
l.12 ...çš„ä¸€ç§å´‡å°šè€åº„çš„æ€æ½®ã€‚ä¹Ÿå¯ä»¥
                                                  è¯´æ˜¯é“å®¶ä¹‹å­¦çš„ä¸€ç§...

You may provide a definition with
\DeclareUnicodeCharacter 


! Package inputenc Error: Unicode character è¯´ (U+8BF4)
(inputenc)                not set up for use with LaTeX.

See the inputenc package documentation for explanation.
Type  H <return>  for immediate help.
 ...                                              
                                                  
l.12 ...ä¸€ç§å´‡å°šè€åº„çš„æ€æ½®ã€‚ä¹Ÿå¯ä»¥è¯´
                                                  æ˜¯é“å®¶ä¹‹å­¦çš„ä¸€ç§æ–...

You may provide a definition with
\DeclareUnicodeCharacter 


! Package inputenc Error: Unicode character æ˜¯ (U+662F)
(inputenc)                not set up for use with LaTeX.

See the inputenc package documentation for explanation.
Type  H <return>  for immediate help.
 ...                                              
                                                  
l.12 ...ç§å´‡å°šè€åº„çš„æ€æ½®ã€‚ä¹Ÿå¯ä»¥è¯´æ˜¯
                                                  é“å®¶ä¹‹å­¦çš„ä¸€ç§æ–°çš...

You may provide a definition with
\DeclareUnicodeCharacter 


! Package inputenc Error: Unicode character é“ (U+9053)
(inputenc)                not set up for use with LaTeX.

See the inputenc package documentation for explanation.
Type  H <return>  for immediate help.
 ...                                              
                                                  
l.12 ...å´‡å°šè€åº„çš„æ€æ½®ã€‚ä¹Ÿå¯ä»¥è¯´æ˜¯é“
                                                  å®¶ä¹‹å­¦çš„ä¸€ç§æ–°çš„è¡...

You may provide a definition with
\DeclareUnicodeCharacter 


! Package inputenc Error: Unicode character å®¶ (U+5BB6)
(inputenc)                not set up for use with LaTeX.

See the inputenc package documentation for explanation.
Type  H <return>  for immediate help.
 ...                                              
                                                  
l.12 ...å°šè€åº„çš„æ€æ½®ã€‚ä¹Ÿå¯ä»¥è¯´æ˜¯é“å®¶
                                                  ä¹‹å­¦çš„ä¸€ç§æ–°çš„è¡¨ç...

You may provide a definition with
\DeclareUnicodeCharacter 


! Package inputenc Error: Unicode character ä¹‹ (U+4E4B)
(inputenc)                not set up for use with LaTeX.

See the inputenc package documentation for explanation.
Type  H <return>  for immediate help.
 ...                                              
                                                  
l.12 ...è€åº„çš„æ€æ½®ã€‚ä¹Ÿå¯ä»¥è¯´æ˜¯é“å®¶ä¹‹
                                                  å­¦çš„ä¸€ç§æ–°çš„è¡¨ç°æ–...

You may provide a definition with
\DeclareUnicodeCharacter 


! Package inputenc Error: Unicode character å­¦ (U+5B66)
(inputenc)                not set up for use with LaTeX.

See the inputenc package documentation for explanation.
Type  H <return>  for immediate help.
 ...                                              
                                                  
l.12 ...åº„çš„æ€æ½®ã€‚ä¹Ÿå¯ä»¥è¯´æ˜¯é“å®¶ä¹‹å­¦
                                                  çš„ä¸€ç§æ–°çš„è¡¨ç°æ–¹å¼...

You may provide a definition with
\DeclareUnicodeCharacter 


! Package inputenc Error: Unicode character çš„ (U+7684)
(inputenc)                not set up for use with LaTeX.

See the inputenc package documentation for explanation.
Type  H <return>  for immediate help.
 ...                                              
                                                  
l.12 ...çš„æ€æ½®ã€‚ä¹Ÿå¯ä»¥è¯´æ˜¯é“å®¶ä¹‹å­¦çš„
                                                  ä¸€ç§æ–°çš„è¡¨ç°æ–¹å¼ï¼...

You may provide a definition with
\DeclareUnicodeCharacter 


! Package inputenc Error: Unicode character ä¸€ (U+4E00)
(inputenc)                not set up for use with LaTeX.

See the inputenc package documentation for explanation.
Type  H <return>  for immediate help.
 ...                                              
                                                  
l.12 ...æ€æ½®ã€‚ä¹Ÿå¯ä»¥è¯´æ˜¯é“å®¶ä¹‹å­¦çš„ä¸€
                                                  ç§æ–°çš„è¡¨ç°æ–¹å¼ï¼Œæ•...

You may provide a definition with
\DeclareUnicodeCharacter 


! Package inputenc Error: Unicode character ç§ (U+79CD)
(inputenc)                not set up for use with LaTeX.

See the inputenc package documentation for explanation.
Type  H <return>  for immediate help.
 ...                                              
                                                  
l.12 ...æ½®ã€‚ä¹Ÿå¯ä»¥è¯´æ˜¯é“å®¶ä¹‹å­¦çš„ä¸€ç§
                                                  æ–°çš„è¡¨ç°æ–¹å¼ï¼Œæ•…å...

You may provide a definition with
\DeclareUnicodeCharacter 


! Package inputenc Error: Unicode character æ–° (U+65B0)
(inputenc)                not set up for use with LaTeX.

See the inputenc package documentation for explanation.
Type  H <return>  for immediate help.
 ...                                              
                                                  
l.12 ...ã€‚ä¹Ÿå¯ä»¥è¯´æ˜¯é“å®¶ä¹‹å­¦çš„ä¸€ç§æ–°
                                                  çš„è¡¨ç°æ–¹å¼ï¼Œæ•…åˆæœ...

You may provide a definition with
\DeclareUnicodeCharacter 


! Package inputenc Error: Unicode character çš„ (U+7684)
(inputenc)                not set up for use with LaTeX.

See the inputenc package documentation for explanation.
Type  H <return>  for immediate help.
 ...                                              
                                                  
l.12 ...ä¹Ÿå¯ä»¥è¯´æ˜¯é“å®¶ä¹‹å­¦çš„ä¸€ç§æ–°çš„
                                                  è¡¨ç°æ–¹å¼ï¼Œæ•…åˆæœ‰æ–...

You may provide a definition with
\DeclareUnicodeCharacter 


! Package inputenc Error: Unicode character è¡¨ (U+8868)
(inputenc)                not set up for use with LaTeX.

See the inputenc package documentation for explanation.
Type  H <return>  for immediate help.
 ...                                              
                                                  
l.12 ...å¯ä»¥è¯´æ˜¯é“å®¶ä¹‹å­¦çš„ä¸€ç§æ–°çš„è¡¨
                                                  ç°æ–¹å¼ï¼Œæ•…åˆæœ‰æ–°é...

You may provide a definition with
\DeclareUnicodeCharacter 


! Package inputenc Error: Unicode character ç° (U+73B0)
(inputenc)                not set up for use with LaTeX.

See the inputenc package documentation for explanation.
Type  H <return>  for immediate help.
 ...                                              
                                                  
l.12 ...ä»¥è¯´æ˜¯é“å®¶ä¹‹å­¦çš„ä¸€ç§æ–°çš„è¡¨ç°
                                                  æ–¹å¼ï¼Œæ•…åˆæœ‰æ–°é“å®...

You may provide a definition with
\DeclareUnicodeCharacter 


! Package inputenc Error: Unicode character æ–¹ (U+65B9)
(inputenc)                not set up for use with LaTeX.

See the inputenc package documentation for explanation.
Type  H <return>  for immediate help.
 ...                                              
                                                  
l.12 ...è¯´æ˜¯é“å®¶ä¹‹å­¦çš„ä¸€ç§æ–°çš„è¡¨ç°æ–¹
                                                  å¼ï¼Œæ•…åˆæœ‰æ–°é“å®¶ä¹...

You may provide a definition with
\DeclareUnicodeCharacter 


! Package inputenc Error: Unicode character å¼ (U+5F0F)
(inputenc)                not set up for use with LaTeX.

See the inputenc package documentation for explanation.
Type  H <return>  for immediate help.
 ...                                              
                                                  
l.12 ...æ˜¯é“å®¶ä¹‹å­¦çš„ä¸€ç§æ–°çš„è¡¨ç°æ–¹å¼
                                                  ï¼Œæ•…åˆæœ‰æ–°é“å®¶ä¹‹ç§...

You may provide a definition with
\DeclareUnicodeCharacter 


! Package inputenc Error: Unicode character ï¼Œ (U+FF0C)
(inputenc)                not set up for use with LaTeX.

See the inputenc package documentation for explanation.
Type  H <return>  for immediate help.
 ...                                              
                                                  
l.12 ...é“å®¶ä¹‹å­¦çš„ä¸€ç§æ–°çš„è¡¨ç°æ–¹å¼ï¼Œ
                                                  æ•…åˆæœ‰æ–°é“å®¶ä¹‹ç§°ã€...

You may provide a definition with
\DeclareUnicodeCharacter 


! Package inputenc Error: Unicode character æ•… (U+6545)
(inputenc)                not set up for use with LaTeX.

See the inputenc package documentation for explanation.
Type  H <return>  for immediate help.
 ...                                              
                                                  
l.12 ...å®¶ä¹‹å­¦çš„ä¸€ç§æ–°çš„è¡¨ç°æ–¹å¼ï¼Œæ•…
                                                  åˆæœ‰æ–°é“å®¶ä¹‹ç§°ã€‚å…...

You may provide a definition with
\DeclareUnicodeCharacter 


! Package inputenc Error: Unicode character åˆ (U+53C8)
(inputenc)                not set up for use with LaTeX.

See the inputenc package documentation for explanation.
Type  H <return>  for immediate help.
 ...                                              
                                                  
l.12 ...ä¹‹å­¦çš„ä¸€ç§æ–°çš„è¡¨ç°æ–¹å¼ï¼Œæ•…åˆ
                                                  æœ‰æ–°é“å®¶ä¹‹ç§°ã€‚å…¶æ€...

You may provide a definition with
\DeclareUnicodeCharacter 


! Package inputenc Error: Unicode character æœ‰ (U+6709)
(inputenc)                not set up for use with LaTeX.

See the inputenc package documentation for explanation.
Type  H <return>  for immediate help.
 ...                                              
                                                  
l.12 ...å­¦çš„ä¸€ç§æ–°çš„è¡¨ç°æ–¹å¼ï¼Œæ•…åˆæœ‰
                                                  æ–°é“å®¶ä¹‹ç§°ã€‚å…¶æ€æ½...

You may provide a definition with
\DeclareUnicodeCharacter 


! Package inputenc Error: Unicode character æ–° (U+65B0)
(inputenc)                not set up for use with LaTeX.

See the inputenc package documentation for explanation.
Type  H <return>  for immediate help.
 ...                                              
                                                  
l.12 ...çš„ä¸€ç§æ–°çš„è¡¨ç°æ–¹å¼ï¼Œæ•…åˆæœ‰æ–°
                                                  é“å®¶ä¹‹ç§°ã€‚å…¶æ€æ½®æŒ...

You may provide a definition with
\DeclareUnicodeCharacter 


! Package inputenc Error: Unicode character é“ (U+9053)
(inputenc)                not set up for use with LaTeX.

See the inputenc package documentation for explanation.
Type  H <return>  for immediate help.
 ...                                              
                                                  
l.12 ...ä¸€ç§æ–°çš„è¡¨ç°æ–¹å¼ï¼Œæ•…åˆæœ‰æ–°é“
                                                  å®¶ä¹‹ç§°ã€‚å…¶æ€æ½®æŒç»...

You may provide a definition with
\DeclareUnicodeCharacter 


! Package inputenc Error: Unicode character å®¶ (U+5BB6)
(inputenc)                not set up for use with LaTeX.

See the inputenc package documentation for explanation.
Type  H <return>  for immediate help.
 ...                                              
                                                  
l.12 ...ç§æ–°çš„è¡¨ç°æ–¹å¼ï¼Œæ•…åˆæœ‰æ–°é“å®¶
                                                  ä¹‹ç§°ã€‚å…¶æ€æ½®æŒç»­æ—...

You may provide a definition with
\DeclareUnicodeCharacter 


! Package inputenc Error: Unicode character ä¹‹ (U+4E4B)
(inputenc)                not set up for use with LaTeX.

See the inputenc package documentation for explanation.
Type  H <return>  for immediate help.
 ...                                              
                                                  
l.12 ...æ–°çš„è¡¨ç°æ–¹å¼ï¼Œæ•…åˆæœ‰æ–°é“å®¶ä¹‹
                                                  ç§°ã€‚å…¶æ€æ½®æŒç»­æ—¶é—...

You may provide a definition with
\DeclareUnicodeCharacter 


! Package inputenc Error: Unicode character ç§° (U+79F0)
(inputenc)                not set up for use with LaTeX.

See the inputenc package documentation for explanation.
Type  H <return>  for immediate help.
 ...                                              
                                                  
l.12 ...çš„è¡¨ç°æ–¹å¼ï¼Œæ•…åˆæœ‰æ–°é“å®¶ä¹‹ç§°
                                                  ã€‚å…¶æ€æ½®æŒç»­æ—¶é—´è‡...

You may provide a definition with
\DeclareUnicodeCharacter 


! Package inputenc Error: Unicode character ã€‚ (U+3002)
(inputenc)                not set up for use with LaTeX.

See the inputenc package documentation for explanation.
Type  H <return>  for immediate help.
 ...                                              
                                                  
l.12 ...è¡¨ç°æ–¹å¼ï¼Œæ•…åˆæœ‰æ–°é“å®¶ä¹‹ç§°ã€‚
                                                  å…¶æ€æ½®æŒç»­æ—¶é—´è‡ªæ±...

You may provide a definition with
\DeclareUnicodeCharacter 


! Package inputenc Error: Unicode character å…¶ (U+5176)
(inputenc)                not set up for use with LaTeX.

See the inputenc package documentation for explanation.
Type  H <return>  for immediate help.
 ...                                              
                                                  
l.12 ...ç°æ–¹å¼ï¼Œæ•…åˆæœ‰æ–°é“å®¶ä¹‹ç§°ã€‚å…¶
                                                  æ€æ½®æŒç»­æ—¶é—´è‡ªæ±‰æœ...

You may provide a definition with
\DeclareUnicodeCharacter 


! Package inputenc Error: Unicode character æ€ (U+601D)
(inputenc)                not set up for use with LaTeX.

See the inputenc package documentation for explanation.
Type  H <return>  for immediate help.
 ...                                              
                                                  
l.12 ...æ–¹å¼ï¼Œæ•…åˆæœ‰æ–°é“å®¶ä¹‹ç§°ã€‚å…¶æ€
                                                  æ½®æŒç»­æ—¶é—´è‡ªæ±‰æœ«èµ...
(That makes 100 errors; please try again.) 
Here is how much of TeX's memory you used:
 86 strings out of 492623
 826 string characters out of 6133290
 57646 words of memory out of 5000000
 4097 multiletter control sequences out of 15000+600000
 3986 words of font info for 15 fonts, out of 8000000 for 9000
 1141 hyphenation exceptions out of 8191
 18i,4n,12p,633b,81s stack positions out of 5000i,500n,10000p,200000b,80000s

!  ==> Fatal error occurred, no output PDF file produced!
